<?xml version="1.0" encoding="UTF-8"?>
<robot generator="Robot 3.2.1 (Python 3.8.5 on darwin)" generated="20200901 07:44:27.681" rpa="false">
<suite id="s1" name="Demo" source="/Users/anrisawada/20projects/robot-scripts/keyword-demo/Tests/demo.robot">
<test id="s1-t1" name="Logged out user can search for products">
<kw name="Begin Web Test" library="Common" type="setup">
<kw name="Open Browser" library="SeleniumLibrary">
<doc>Opens a new browser instance to the optional ``url``.</doc>
<arguments>
<arg>about:blank</arg>
<arg>${BROWSER}</arg>
</arguments>
<msg timestamp="20200901 07:44:28.021" level="INFO">Opening browser 'chrome' to base url 'about:blank'.</msg>
<kw name="Capture Page Screenshot" library="SeleniumLibrary">
<doc>Takes a screenshot of the current page and embeds it into a log file.</doc>
<msg timestamp="20200901 07:44:31.337" level="INFO">Cannot capture screenshot because no browser is open.</msg>
<status status="PASS" starttime="20200901 07:44:31.336" endtime="20200901 07:44:31.337"></status>
</kw>
<msg timestamp="20200901 07:44:31.345" level="FAIL">SessionNotCreatedException: Message: session not created: This version of ChromeDriver only supports Chrome version 81
</msg>
<status status="FAIL" starttime="20200901 07:44:28.021" endtime="20200901 07:44:31.345"></status>
</kw>
<status status="FAIL" starttime="20200901 07:44:28.020" endtime="20200901 07:44:31.346"></status>
</kw>
<kw name="End Web Test" library="Common" type="teardown">
<kw name="Close Browser" library="SeleniumLibrary">
<doc>Closes the current browser.</doc>
<status status="PASS" starttime="20200901 07:44:31.347" endtime="20200901 07:44:31.347"></status>
</kw>
<status status="PASS" starttime="20200901 07:44:31.346" endtime="20200901 07:44:31.348"></status>
</kw>
<tags>
<tag>Current</tag>
</tags>
<status status="FAIL" starttime="20200901 07:44:28.019" endtime="20200901 07:44:31.348" critical="yes">Setup failed:
SessionNotCreatedException: Message: session not created: This version of ChromeDriver only supports Chrome version 81
</status>
</test>
<test id="s1-t2" name="Logged out user can view a product">
<kw name="Begin Web Test" library="Common" type="setup">
<kw name="Open Browser" library="SeleniumLibrary">
<doc>Opens a new browser instance to the optional ``url``.</doc>
<arguments>
<arg>about:blank</arg>
<arg>${BROWSER}</arg>
</arguments>
<msg timestamp="20200901 07:44:31.351" level="INFO">Opening browser 'chrome' to base url 'about:blank'.</msg>
<kw name="Capture Page Screenshot" library="SeleniumLibrary">
<doc>Takes a screenshot of the current page and embeds it into a log file.</doc>
<msg timestamp="20200901 07:44:33.503" level="INFO">Cannot capture screenshot because no browser is open.</msg>
<status status="PASS" starttime="20200901 07:44:33.502" endtime="20200901 07:44:33.503"></status>
</kw>
<msg timestamp="20200901 07:44:33.505" level="FAIL">SessionNotCreatedException: Message: session not created: This version of ChromeDriver only supports Chrome version 81
</msg>
<status status="FAIL" starttime="20200901 07:44:31.350" endtime="20200901 07:44:33.505"></status>
</kw>
<status status="FAIL" starttime="20200901 07:44:31.350" endtime="20200901 07:44:33.505"></status>
</kw>
<kw name="End Web Test" library="Common" type="teardown">
<kw name="Close Browser" library="SeleniumLibrary">
<doc>Closes the current browser.</doc>
<status status="PASS" starttime="20200901 07:44:33.508" endtime="20200901 07:44:33.509"></status>
</kw>
<status status="PASS" starttime="20200901 07:44:33.507" endtime="20200901 07:44:33.509"></status>
</kw>
<tags>
<tag>Smoke</tag>
</tags>
<status status="FAIL" starttime="20200901 07:44:31.349" endtime="20200901 07:44:33.509" critical="yes">Setup failed:
SessionNotCreatedException: Message: session not created: This version of ChromeDriver only supports Chrome version 81
</status>
</test>
<test id="s1-t3" name="Logged out user can add product to cart">
<kw name="Begin Web Test" library="Common" type="setup">
<kw name="Open Browser" library="SeleniumLibrary">
<doc>Opens a new browser instance to the optional ``url``.</doc>
<arguments>
<arg>about:blank</arg>
<arg>${BROWSER}</arg>
</arguments>
<msg timestamp="20200901 07:44:33.513" level="INFO">Opening browser 'chrome' to base url 'about:blank'.</msg>
<kw name="Capture Page Screenshot" library="SeleniumLibrary">
<doc>Takes a screenshot of the current page and embeds it into a log file.</doc>
<msg timestamp="20200901 07:44:35.682" level="INFO">Cannot capture screenshot because no browser is open.</msg>
<status status="PASS" starttime="20200901 07:44:35.682" endtime="20200901 07:44:35.682"></status>
</kw>
<msg timestamp="20200901 07:44:35.683" level="FAIL">SessionNotCreatedException: Message: session not created: This version of ChromeDriver only supports Chrome version 81
</msg>
<status status="FAIL" starttime="20200901 07:44:33.512" endtime="20200901 07:44:35.683"></status>
</kw>
<status status="FAIL" starttime="20200901 07:44:33.512" endtime="20200901 07:44:35.683"></status>
</kw>
<kw name="End Web Test" library="Common" type="teardown">
<kw name="Close Browser" library="SeleniumLibrary">
<doc>Closes the current browser.</doc>
<status status="PASS" starttime="20200901 07:44:35.684" endtime="20200901 07:44:35.684"></status>
</kw>
<status status="PASS" starttime="20200901 07:44:35.684" endtime="20200901 07:44:35.684"></status>
</kw>
<doc>This is some basic info about the test</doc>
<tags>
<tag>Smoke</tag>
</tags>
<status status="FAIL" starttime="20200901 07:44:33.512" endtime="20200901 07:44:35.684" critical="yes">Setup failed:
SessionNotCreatedException: Message: session not created: This version of ChromeDriver only supports Chrome version 81
</status>
</test>
<doc>This is some basic info about the whole suite</doc>
<status status="FAIL" starttime="20200901 07:44:27.683" endtime="20200901 07:44:35.686"></status>
</suite>
<statistics>
<total>
<stat pass="0" fail="3">Critical Tests</stat>
<stat pass="0" fail="3">All Tests</stat>
</total>
<tag>
<stat pass="0" fail="1">Current</stat>
<stat pass="0" fail="2">Smoke</stat>
</tag>
<suite>
<stat pass="0" fail="3" id="s1" name="Demo">Demo</stat>
</suite>
</statistics>
<errors>
<msg timestamp="20200901 07:44:28.013" level="WARN">Imported resource file '/Users/anrisawada/20projects/robot-scripts/keyword-demo/Resources/PO/TopNav.robot' is empty.</msg>
</errors>
</robot>
